<?xml version="1.0" encoding="UTF-8"?>
<testExecutions version="1">
  <file path="D:\Cognizant\Projet_Miam\miam\frontend\src\app\app.component.spec.ts">
    <testCase name="1st tests true is true" duration="3"/>
  </file>
  <file path="D:\Cognizant\Projet_Miam\miam\frontend\src\app\pipes\decode-error-message.pipe.spec.ts">
    <testCase name="DecodeErrorMessagePipe create an instance" duration="2"/>
  </file>
  <file path="D:\Cognizant\Projet_Miam\miam\frontend\src\app\views\about\about.component.spec.ts">
    <testCase name="AboutComponent should create" duration="7"/>
  </file>
</testExecutions>